<?xml version="1.0" encoding="UTF-8"?>
<!-- Generated by org.testng.reporters.JUnitXMLReporter -->
<testsuite ignored="0" hostname="Mugundhan" failures="1" tests="3" name="EdgeBrowser1" time="21.505" errors="0" timestamp="2022-03-27T22:11:58 EDT">
  <testcase classname="extendReportTest.ExtendReportTest" name="googleSearch" time="13.719">
    <failure type="org.openqa.selenium.NoSuchElementException" message="no such element: Unable to locate element: {&amp;quot;method&amp;quot;:&amp;quot;xpath&amp;quot;,&amp;quot;selector&amp;quot;:&amp;quot;//*[@id=&amp;quot;rso&amp;quot;]/div[1]/div/div/div/div/div/div/div[1]/a//h3[contains(text(),&amp;apos;Get&amp;apos;)]&amp;quot;}
  (Session info: MicrosoftEdge=99.0.1150.52)
For documentation on this error, please visit: https://selenium.dev/exceptions/#no_such_element
Build info: version: &amp;apos;4.1.2&amp;apos;, revision: &amp;apos;9a5a329c5a&amp;apos;
System info: host: &amp;apos;MUGUNDHAN&amp;apos;, ip: &amp;apos;192.168.0.202&amp;apos;, os.name: &amp;apos;Windows 11&amp;apos;, os.arch: &amp;apos;amd64&amp;apos;, os.version: &amp;apos;10.0&amp;apos;, java.version: &amp;apos;17.0.2&amp;apos;
Driver info: org.openqa.selenium.edge.EdgeDriver
Command: [aeb251d2a824999635625d3002cffb29, findElement {using=xpath, value=//*[@id=&amp;quot;rso&amp;quot;]/div[1]/div/div/div/div/div/div/div[1]/a//h3[contains(text(),&amp;apos;Get&amp;apos;)]}]
Capabilities {acceptInsecureCerts: false, browserName: msedge, browserVersion: 99.0.1150.52, javascriptEnabled: true, ms:edgeOptions: {debuggerAddress: localhost:63518}, msedge: {msedgedriverVersion: 99.0.1150.55 (c8275fcfc2e02..., userDataDir: C:\Users\pavit\AppData\Loca...}, networkConnectionEnabled: false, pageLoadStrategy: normal, platform: WINDOWS, platformName: WINDOWS, proxy: Proxy(), se:cdp: ws://localhost:63518/devtoo..., se:cdpVersion: 99.0.1150.52, setWindowRect: true, strictFileInteractability: false, timeouts: {implicit: 0, pageLoad: 300000, script: 30000}, unhandledPromptBehavior: dismiss and notify, webauthn:extension:credBlob: true, webauthn:extension:largeBlob: true, webauthn:virtualAuthenticators: true}
Session ID: aeb251d2a824999635625d3002cffb29">
      <![CDATA[org.openqa.selenium.NoSuchElementException: no such element: Unable to locate element: {"method":"xpath","selector":"//*[@id="rso"]/div[1]/div/div/div/div/div/div/div[1]/a//h3[contains(text(),'Get')]"}
  (Session info: MicrosoftEdge=99.0.1150.52)
For documentation on this error, please visit: https://selenium.dev/exceptions/#no_such_element
Build info: version: '4.1.2', revision: '9a5a329c5a'
System info: host: 'MUGUNDHAN', ip: '192.168.0.202', os.name: 'Windows 11', os.arch: 'amd64', os.version: '10.0', java.version: '17.0.2'
Driver info: org.openqa.selenium.edge.EdgeDriver
Command: [aeb251d2a824999635625d3002cffb29, findElement {using=xpath, value=//*[@id="rso"]/div[1]/div/div/div/div/div/div/div[1]/a//h3[contains(text(),'Get')]}]
Capabilities {acceptInsecureCerts: false, browserName: msedge, browserVersion: 99.0.1150.52, javascriptEnabled: true, ms:edgeOptions: {debuggerAddress: localhost:63518}, msedge: {msedgedriverVersion: 99.0.1150.55 (c8275fcfc2e02..., userDataDir: C:\Users\pavit\AppData\Loca...}, networkConnectionEnabled: false, pageLoadStrategy: normal, platform: WINDOWS, platformName: WINDOWS, proxy: Proxy(), se:cdp: ws://localhost:63518/devtoo..., se:cdpVersion: 99.0.1150.52, setWindowRect: true, strictFileInteractability: false, timeouts: {implicit: 0, pageLoad: 300000, script: 30000}, unhandledPromptBehavior: dismiss and notify, webauthn:extension:credBlob: true, webauthn:extension:largeBlob: true, webauthn:virtualAuthenticators: true}
Session ID: aeb251d2a824999635625d3002cffb29
at org.openqa.selenium.remote.codec.w3c.W3CHttpResponseCodec.createException(W3CHttpResponseCodec.java:200)
at org.openqa.selenium.remote.codec.w3c.W3CHttpResponseCodec.decode(W3CHttpResponseCodec.java:133)
at org.openqa.selenium.remote.codec.w3c.W3CHttpResponseCodec.decode(W3CHttpResponseCodec.java:53)
at org.openqa.selenium.remote.HttpCommandExecutor.execute(HttpCommandExecutor.java:184)
at org.openqa.selenium.remote.service.DriverCommandExecutor.invokeExecute(DriverCommandExecutor.java:167)
at org.openqa.selenium.remote.service.DriverCommandExecutor.execute(DriverCommandExecutor.java:142)
at org.openqa.selenium.remote.RemoteWebDriver.execute(RemoteWebDriver.java:558)
at org.openqa.selenium.remote.ElementLocation$ElementFinder$2.findElement(ElementLocation.java:162)
at org.openqa.selenium.remote.ElementLocation.findElement(ElementLocation.java:60)
at org.openqa.selenium.remote.RemoteWebDriver.findElement(RemoteWebDriver.java:382)
at org.openqa.selenium.remote.RemoteWebDriver.findElement(RemoteWebDriver.java:374)
at pageObjectModel.GoogleSearchPage.searchResults(GoogleSearchPage.java:21)
at extendReportTest.ExtendReportTest.googleSearch(ExtendReportTest.java:88)
at java.base/java.util.ArrayList.forEach(ArrayList.java:1511)
at java.base/java.util.concurrent.FutureTask.run(FutureTask.java:264)
at java.base/java.util.concurrent.ThreadPoolExecutor.runWorker(ThreadPoolExecutor.java:1136)
at java.base/java.util.concurrent.ThreadPoolExecutor$Worker.run(ThreadPoolExecutor.java:635)
at java.base/java.lang.Thread.run(Thread.java:833)
... Removed 23 stack frames]]>
    </failure>
  </testcase> <!-- googleSearch -->
  <testcase classname="extendReportTest.ExtendReportTest" name="homePage" time="4.084"/>
  <testcase classname="extendReportTest.ExtendReportTest" name="registrationForm" time="0.207"/>
</testsuite> <!-- EdgeBrowser1 -->
